<?xml version="1.0" encoding="UTF-8"?>
<!-- Generated by org.testng.reporters.JUnitReportReporter -->
<testsuite skipped="0" hostname="Nazmul_Lenovo" name="pages.BrowserFactory" tests="1" failures="0" timestamp="2022-10-15T11:37:16 CDT" time="2.292" errors="0">
  <testcase name="init" time="2.292" classname="pages.BrowserFactory"/>
  <system-out/>
</testsuite> <!-- pages.BrowserFactory -->
